
*** Running vivado
    with args -log top_demo.vds -m64 -product Vivado -mode batch -messageDb vivado.pb -notrace -source top_demo.tcl


****** Vivado v2020.2 (64-bit)
  **** SW Build 3064766 on Wed Nov 18 09:12:47 MST 2020
  **** IP Build 3064653 on Wed Nov 18 14:17:31 MST 2020
    ** Copyright 1986-2020 Xilinx, Inc. All Rights Reserved.

source top_demo.tcl -notrace
Command: synth_design -top top_demo -part xc7z020clg484-1
Starting synth_design
Attempting to get a license for feature 'Synthesis' and/or device 'xc7z020'
INFO: [Common 17-349] Got license for feature 'Synthesis' and/or device 'xc7z020'
INFO: [Device 21-403] Loading part xc7z020clg484-1
INFO: [Synth 8-7079] Multithreading enabled for synth_design using a maximum of 4 processes.
INFO: [Synth 8-7078] Launching helper process for spawning children vivado processes
INFO: [Synth 8-7075] Helper process launched with PID 163798
---------------------------------------------------------------------------------
Starting RTL Elaboration : Time (s): cpu = 00:00:02 ; elapsed = 00:00:03 . Memory (MB): peak = 2363.457 ; gain = 0.000 ; free physical = 24137 ; free virtual = 53662
---------------------------------------------------------------------------------
INFO: [Synth 8-6157] synthesizing module 'top_demo' [/home/jstine/Xilinx/dldfall22proj/Vivado/Project/Project.srcs/sources_1/new/top_demo.sv:23]
INFO: [Synth 8-6157] synthesizing module 'hdmi_top' [/home/jstine/Downloads/hdmi_working/hdmi_top.sv:1]
	Parameter AUDIO_BIT_WIDTH bound to: 16 - type: integer 
	Parameter AUDIO_RATE bound to: 48000 - type: integer 
	Parameter WAVE_RATE bound to: 480 - type: integer 
INFO: [Synth 8-6157] synthesizing module 'OBUFDS' [/media/disk2/Xilinx2/Vivado/2020.2/scripts/rt/data/unisim_comp.v:46332]
	Parameter CAPACITANCE bound to: DONT_CARE - type: string 
	Parameter IOSTANDARD bound to: TMDS_33 - type: string 
	Parameter SLEW bound to: SLOW - type: string 
INFO: [Synth 8-6155] done synthesizing module 'OBUFDS' (1#1) [/media/disk2/Xilinx2/Vivado/2020.2/scripts/rt/data/unisim_comp.v:46332]
INFO: [Synth 8-6157] synthesizing module 'hdmi_pll_xilinx' [/home/jstine/Downloads/hdmi_working/pll.sv:3]
INFO: [Synth 8-6157] synthesizing module 'MMCME2_ADV' [/media/disk2/Xilinx2/Vivado/2020.2/scripts/rt/data/unisim_comp.v:39998]
	Parameter BANDWIDTH bound to: OPTIMIZED - type: string 
	Parameter CLKFBOUT_MULT_F bound to: 37.125000 - type: double 
	Parameter CLKFBOUT_PHASE bound to: 0.000000 - type: double 
	Parameter CLKFBOUT_USE_FINE_PS bound to: FALSE - type: string 
	Parameter CLKIN1_PERIOD bound to: 10.000000 - type: double 
	Parameter CLKIN2_PERIOD bound to: 0.000000 - type: double 
	Parameter CLKOUT0_DIVIDE_F bound to: 10.000000 - type: double 
	Parameter CLKOUT0_DUTY_CYCLE bound to: 0.500000 - type: double 
	Parameter CLKOUT0_PHASE bound to: 0.000000 - type: double 
	Parameter CLKOUT0_USE_FINE_PS bound to: FALSE - type: string 
	Parameter CLKOUT1_DIVIDE bound to: 2 - type: integer 
	Parameter CLKOUT1_DUTY_CYCLE bound to: 0.500000 - type: double 
	Parameter CLKOUT1_PHASE bound to: 0.000000 - type: double 
	Parameter CLKOUT1_USE_FINE_PS bound to: FALSE - type: string 
	Parameter CLKOUT2_DIVIDE bound to: 1 - type: integer 
	Parameter CLKOUT2_DUTY_CYCLE bound to: 0.500000 - type: double 
	Parameter CLKOUT2_PHASE bound to: 0.000000 - type: double 
	Parameter CLKOUT2_USE_FINE_PS bound to: FALSE - type: string 
	Parameter CLKOUT3_DIVIDE bound to: 1 - type: integer 
	Parameter CLKOUT3_DUTY_CYCLE bound to: 0.500000 - type: double 
	Parameter CLKOUT3_PHASE bound to: 0.000000 - type: double 
	Parameter CLKOUT3_USE_FINE_PS bound to: FALSE - type: string 
	Parameter CLKOUT4_CASCADE bound to: FALSE - type: string 
	Parameter CLKOUT4_DIVIDE bound to: 1 - type: integer 
	Parameter CLKOUT4_DUTY_CYCLE bound to: 0.500000 - type: double 
	Parameter CLKOUT4_PHASE bound to: 0.000000 - type: double 
	Parameter CLKOUT4_USE_FINE_PS bound to: FALSE - type: string 
	Parameter CLKOUT5_DIVIDE bound to: 1 - type: integer 
	Parameter CLKOUT5_DUTY_CYCLE bound to: 0.500000 - type: double 
	Parameter CLKOUT5_PHASE bound to: 0.000000 - type: double 
	Parameter CLKOUT5_USE_FINE_PS bound to: FALSE - type: string 
	Parameter CLKOUT6_DIVIDE bound to: 1 - type: integer 
	Parameter CLKOUT6_DUTY_CYCLE bound to: 0.500000 - type: double 
	Parameter CLKOUT6_PHASE bound to: 0.000000 - type: double 
	Parameter CLKOUT6_USE_FINE_PS bound to: FALSE - type: string 
	Parameter COMPENSATION bound to: ZHOLD - type: string 
	Parameter DIVCLK_DIVIDE bound to: 5 - type: integer 
	Parameter IS_CLKINSEL_INVERTED bound to: 1'b0 
	Parameter IS_PSEN_INVERTED bound to: 1'b0 
	Parameter IS_PSINCDEC_INVERTED bound to: 1'b0 
	Parameter IS_PWRDWN_INVERTED bound to: 1'b0 
	Parameter IS_RST_INVERTED bound to: 1'b0 
	Parameter REF_JITTER1 bound to: 0.010000 - type: double 
	Parameter REF_JITTER2 bound to: 0.010000 - type: double 
	Parameter SS_EN bound to: FALSE - type: string 
	Parameter SS_MODE bound to: CENTER_HIGH - type: string 
	Parameter SS_MOD_PERIOD bound to: 10000 - type: integer 
	Parameter STARTUP_WAIT bound to: FALSE - type: string 
INFO: [Synth 8-6155] done synthesizing module 'MMCME2_ADV' (2#1) [/media/disk2/Xilinx2/Vivado/2020.2/scripts/rt/data/unisim_comp.v:39998]
INFO: [Synth 8-6157] synthesizing module 'BUFG' [/media/disk2/Xilinx2/Vivado/2020.2/scripts/rt/data/unisim_comp.v:1083]
INFO: [Synth 8-6155] done synthesizing module 'BUFG' (3#1) [/media/disk2/Xilinx2/Vivado/2020.2/scripts/rt/data/unisim_comp.v:1083]
INFO: [Synth 8-6155] done synthesizing module 'hdmi_pll_xilinx' (4#1) [/home/jstine/Downloads/hdmi_working/pll.sv:3]
INFO: [Synth 8-6157] synthesizing module 'hdmi' [/home/jstine/Downloads/hdmi_working/hdmi.sv:4]
	Parameter VIDEO_ID_CODE bound to: 32'sb00000000000000000000000000000100 
	Parameter IT_CONTENT bound to: 1'b1 
	Parameter BIT_WIDTH bound to: 32'sb00000000000000000000000000001011 
	Parameter BIT_HEIGHT bound to: 32'sb00000000000000000000000000001010 
	Parameter DVI_OUTPUT bound to: 1'b0 
	Parameter VIDEO_REFRESH_RATE bound to: 60.000000 - type: double 
	Parameter AUDIO_RATE bound to: 48000 - type: integer 
	Parameter AUDIO_BIT_WIDTH bound to: 16 - type: integer 
	Parameter VENDOR_NAME bound to: 64'b0101010101101110011010110110111001101111011101110110111000000000 
	Parameter PRODUCT_DESCRIPTION bound to: 128'b01000110010100000100011101000001000000000000000000000000000000000000000000000000000000000000000000000000000000000000000000000000 
	Parameter SOURCE_DEVICE_INFORMATION bound to: 8'b00000000 
	Parameter START_X bound to: 32'sb00000000000000000000000000000000 
	Parameter START_Y bound to: 32'sb00000000000000000000000000000000 
	Parameter NUM_CHANNELS bound to: 32'sb00000000000000000000000000000011 
	Parameter VIDEO_RATE bound to: 74250000.000000 - type: double 
INFO: [Synth 8-6157] synthesizing module 'packet_picker' [/home/jstine/Downloads/hdmi_working/packet_picker.sv:4]
	Parameter VIDEO_ID_CODE bound to: 32'sb00000000000000000000000000000100 
	Parameter VIDEO_RATE bound to: 74250000.000000 - type: double 
	Parameter IT_CONTENT bound to: 1'b1 
	Parameter AUDIO_BIT_WIDTH bound to: 16 - type: integer 
	Parameter AUDIO_RATE bound to: 48000 - type: integer 
	Parameter VENDOR_NAME bound to: 64'b0101010101101110011010110110111001101111011101110110111000000000 
	Parameter PRODUCT_DESCRIPTION bound to: 128'b01000110010100000100011101000001000000000000000000000000000000000000000000000000000000000000000000000000000000000000000000000000 
	Parameter SOURCE_DEVICE_INFORMATION bound to: 8'b00000000 
	Parameter SAMPLING_FREQUENCY bound to: 4'b0010 
	Parameter AUDIO_BIT_WIDTH_COMPARATOR bound to: 32'sb00000000000000000000000000010100 
	Parameter WORD_LENGTH bound to: 3'b100 
	Parameter WORD_LENGTH_LIMIT bound to: 1'b0 
INFO: [Synth 8-6157] synthesizing module 'audio_clock_regeneration_packet' [/home/jstine/Downloads/hdmi_working/audio_clock_regeneration_packet.sv:5]
	Parameter VIDEO_RATE bound to: 74250000.000000 - type: double 
	Parameter AUDIO_RATE bound to: 48000 - type: integer 
	Parameter N bound to: 20'b00000001100000000000 
	Parameter CLK_AUDIO_COUNTER_WIDTH bound to: 32'sb00000000000000000000000000000110 
	Parameter CLK_AUDIO_COUNTER_END bound to: 6'b101111 
	Parameter CYCLE_TIME_STAMP_COUNTER_IDEAL bound to: 20'b00010010001000001010 
	Parameter CYCLE_TIME_STAMP_COUNTER_WIDTH bound to: 32'sb00000000000000000000000000010001 
INFO: [Synth 8-6155] done synthesizing module 'audio_clock_regeneration_packet' (5#1) [/home/jstine/Downloads/hdmi_working/audio_clock_regeneration_packet.sv:5]
INFO: [Synth 8-6157] synthesizing module 'audio_sample_packet' [/home/jstine/Downloads/hdmi_working/audio_sample_packet.sv:8]
	Parameter GRADE bound to: 1'b0 
	Parameter SAMPLE_WORD_TYPE bound to: 1'b0 
	Parameter COPYRIGHT_NOT_ASSERTED bound to: 1'b1 
	Parameter PRE_EMPHASIS bound to: 3'b000 
	Parameter MODE bound to: 2'b00 
	Parameter CATEGORY_CODE bound to: 8'b00000000 
	Parameter SOURCE_NUMBER bound to: 4'b0000 
	Parameter SAMPLING_FREQUENCY bound to: 4'b0010 
	Parameter CLOCK_ACCURACY bound to: 2'b00 
	Parameter WORD_LENGTH bound to: 4'b0010 
	Parameter ORIGINAL_SAMPLING_FREQUENCY bound to: 4'b0000 
	Parameter LAYOUT bound to: 1'b0 
	Parameter CHANNEL_STATUS_LENGTH bound to: 8'b11000000 
INFO: [Synth 8-6155] done synthesizing module 'audio_sample_packet' (6#1) [/home/jstine/Downloads/hdmi_working/audio_sample_packet.sv:8]
INFO: [Synth 8-6157] synthesizing module 'auxiliary_video_information_info_frame' [/home/jstine/Downloads/hdmi_working/auxiliary_video_information_info_frame.sv:5]
	Parameter VIDEO_FORMAT bound to: 2'b00 
	Parameter ACTIVE_FORMAT_INFO_PRESENT bound to: 1'b0 
	Parameter BAR_INFO bound to: 2'b00 
	Parameter SCAN_INFO bound to: 2'b00 
	Parameter COLORIMETRY bound to: 2'b00 
	Parameter PICTURE_ASPECT_RATIO bound to: 2'b00 
	Parameter ACTIVE_FORMAT_ASPECT_RATIO bound to: 4'b1000 
	Parameter IT_CONTENT bound to: 1'b1 
	Parameter EXTENDED_COLORIMETRY bound to: 3'b000 
	Parameter RGB_QUANTIZATION_RANGE bound to: 2'b00 
	Parameter NON_UNIFORM_PICTURE_SCALING bound to: 2'b00 
	Parameter VIDEO_ID_CODE bound to: 32'sb00000000000000000000000000000100 
	Parameter YCC_QUANTIZATION_RANGE bound to: 2'b00 
	Parameter CONTENT_TYPE bound to: 2'b00 
	Parameter PIXEL_REPETITION bound to: 4'b0000 
	Parameter LENGTH bound to: 5'b01101 
	Parameter VERSION bound to: 8'b00000010 
	Parameter TYPE bound to: 7'b0000010 
INFO: [Synth 8-6155] done synthesizing module 'auxiliary_video_information_info_frame' (7#1) [/home/jstine/Downloads/hdmi_working/auxiliary_video_information_info_frame.sv:5]
INFO: [Synth 8-6157] synthesizing module 'source_product_description_info_frame' [/home/jstine/Downloads/hdmi_working/source_product_description_info_frame.sv:5]
	Parameter VENDOR_NAME bound to: 64'b0101010101101110011010110110111001101111011101110110111000000000 
	Parameter PRODUCT_DESCRIPTION bound to: 128'b01000110010100000100011101000001000000000000000000000000000000000000000000000000000000000000000000000000000000000000000000000000 
	Parameter SOURCE_DEVICE_INFORMATION bound to: 8'b00000000 
	Parameter LENGTH bound to: 5'b11001 
	Parameter VERSION bound to: 8'b00000001 
	Parameter TYPE bound to: 7'b0000011 
INFO: [Synth 8-6155] done synthesizing module 'source_product_description_info_frame' (8#1) [/home/jstine/Downloads/hdmi_working/source_product_description_info_frame.sv:5]
INFO: [Synth 8-6157] synthesizing module 'audio_info_frame' [/home/jstine/Downloads/hdmi_working/audio_info_frame.sv:5]
	Parameter AUDIO_CHANNEL_COUNT bound to: 3'b001 
	Parameter CHANNEL_ALLOCATION bound to: 8'b00000000 
	Parameter DOWN_MIX_INHIBITED bound to: 1'b0 
	Parameter LEVEL_SHIFT_VALUE bound to: 4'b0000 
	Parameter LOW_FREQUENCY_EFFECTS_PLAYBACK_LEVEL bound to: 2'b00 
	Parameter AUDIO_CODING_TYPE bound to: 4'b0000 
	Parameter SAMPLING_FREQUENCY bound to: 3'b000 
	Parameter SAMPLE_SIZE bound to: 2'b00 
	Parameter LENGTH bound to: 5'b01010 
	Parameter VERSION bound to: 8'b00000001 
	Parameter TYPE bound to: 7'b0000100 
INFO: [Synth 8-6155] done synthesizing module 'audio_info_frame' (9#1) [/home/jstine/Downloads/hdmi_working/audio_info_frame.sv:5]
INFO: [Synth 8-6155] done synthesizing module 'packet_picker' (10#1) [/home/jstine/Downloads/hdmi_working/packet_picker.sv:4]
INFO: [Synth 8-6157] synthesizing module 'packet_assembler' [/home/jstine/Downloads/hdmi_working/packet_assembler.sv:4]
INFO: [Synth 8-6155] done synthesizing module 'packet_assembler' (11#1) [/home/jstine/Downloads/hdmi_working/packet_assembler.sv:4]
INFO: [Synth 8-6157] synthesizing module 'tmds_channel' [/home/jstine/Downloads/hdmi_working/tmds_channel.sv:4]
	Parameter CN bound to: 32'sb00000000000000000000000000000000 
INFO: [Synth 8-294] found qualifier unique on case statement: implementing as parallel_case [/home/jstine/Downloads/hdmi_working/tmds_channel.sv:104]
INFO: [Synth 8-294] found qualifier unique on case statement: implementing as parallel_case [/home/jstine/Downloads/hdmi_working/tmds_channel.sv:116]
INFO: [Synth 8-155] case statement is not full and has no default [/home/jstine/Downloads/hdmi_working/tmds_channel.sv:160]
INFO: [Synth 8-6155] done synthesizing module 'tmds_channel' (12#1) [/home/jstine/Downloads/hdmi_working/tmds_channel.sv:4]
INFO: [Synth 8-6157] synthesizing module 'tmds_channel__parameterized0' [/home/jstine/Downloads/hdmi_working/tmds_channel.sv:4]
	Parameter CN bound to: 32'sb00000000000000000000000000000001 
INFO: [Synth 8-294] found qualifier unique on case statement: implementing as parallel_case [/home/jstine/Downloads/hdmi_working/tmds_channel.sv:104]
INFO: [Synth 8-294] found qualifier unique on case statement: implementing as parallel_case [/home/jstine/Downloads/hdmi_working/tmds_channel.sv:116]
INFO: [Synth 8-155] case statement is not full and has no default [/home/jstine/Downloads/hdmi_working/tmds_channel.sv:160]
INFO: [Synth 8-6155] done synthesizing module 'tmds_channel__parameterized0' (12#1) [/home/jstine/Downloads/hdmi_working/tmds_channel.sv:4]
INFO: [Synth 8-6157] synthesizing module 'tmds_channel__parameterized1' [/home/jstine/Downloads/hdmi_working/tmds_channel.sv:4]
	Parameter CN bound to: 32'sb00000000000000000000000000000010 
INFO: [Synth 8-294] found qualifier unique on case statement: implementing as parallel_case [/home/jstine/Downloads/hdmi_working/tmds_channel.sv:104]
INFO: [Synth 8-294] found qualifier unique on case statement: implementing as parallel_case [/home/jstine/Downloads/hdmi_working/tmds_channel.sv:116]
INFO: [Synth 8-155] case statement is not full and has no default [/home/jstine/Downloads/hdmi_working/tmds_channel.sv:160]
INFO: [Synth 8-6155] done synthesizing module 'tmds_channel__parameterized1' (12#1) [/home/jstine/Downloads/hdmi_working/tmds_channel.sv:4]
INFO: [Synth 8-6157] synthesizing module 'serializer' [/home/jstine/Downloads/hdmi_working/serializer.sv:1]
	Parameter NUM_CHANNELS bound to: 32'sb00000000000000000000000000000011 
	Parameter VIDEO_RATE bound to: 74250000.000000 - type: double 
INFO: [Synth 8-6157] synthesizing module 'OSERDESE2' [/media/disk2/Xilinx2/Vivado/2020.2/scripts/rt/data/unisim_comp.v:50398]
	Parameter DATA_RATE_OQ bound to: DDR - type: string 
	Parameter DATA_RATE_TQ bound to: SDR - type: string 
	Parameter DATA_WIDTH bound to: 10 - type: integer 
	Parameter INIT_OQ bound to: 1'b0 
	Parameter INIT_TQ bound to: 1'b0 
	Parameter IS_CLKDIV_INVERTED bound to: 1'b0 
	Parameter IS_CLK_INVERTED bound to: 1'b0 
	Parameter IS_D1_INVERTED bound to: 1'b0 
	Parameter IS_D2_INVERTED bound to: 1'b0 
	Parameter IS_D3_INVERTED bound to: 1'b0 
	Parameter IS_D4_INVERTED bound to: 1'b0 
	Parameter IS_D5_INVERTED bound to: 1'b0 
	Parameter IS_D6_INVERTED bound to: 1'b0 
	Parameter IS_D7_INVERTED bound to: 1'b0 
	Parameter IS_D8_INVERTED bound to: 1'b0 
	Parameter IS_T1_INVERTED bound to: 1'b0 
	Parameter IS_T2_INVERTED bound to: 1'b0 
	Parameter IS_T3_INVERTED bound to: 1'b0 
	Parameter IS_T4_INVERTED bound to: 1'b0 
	Parameter SERDES_MODE bound to: MASTER - type: string 
	Parameter SRVAL_OQ bound to: 1'b0 
	Parameter SRVAL_TQ bound to: 1'b0 
	Parameter TBYTE_CTL bound to: FALSE - type: string 
	Parameter TBYTE_SRC bound to: FALSE - type: string 
	Parameter TRISTATE_WIDTH bound to: 1 - type: integer 
INFO: [Synth 8-6155] done synthesizing module 'OSERDESE2' (13#1) [/media/disk2/Xilinx2/Vivado/2020.2/scripts/rt/data/unisim_comp.v:50398]
INFO: [Synth 8-6157] synthesizing module 'OSERDESE2__parameterized0' [/media/disk2/Xilinx2/Vivado/2020.2/scripts/rt/data/unisim_comp.v:50398]
	Parameter DATA_RATE_OQ bound to: DDR - type: string 
	Parameter DATA_RATE_TQ bound to: SDR - type: string 
	Parameter DATA_WIDTH bound to: 10 - type: integer 
	Parameter INIT_OQ bound to: 1'b0 
	Parameter INIT_TQ bound to: 1'b0 
	Parameter IS_CLKDIV_INVERTED bound to: 1'b0 
	Parameter IS_CLK_INVERTED bound to: 1'b0 
	Parameter IS_D1_INVERTED bound to: 1'b0 
	Parameter IS_D2_INVERTED bound to: 1'b0 
	Parameter IS_D3_INVERTED bound to: 1'b0 
	Parameter IS_D4_INVERTED bound to: 1'b0 
	Parameter IS_D5_INVERTED bound to: 1'b0 
	Parameter IS_D6_INVERTED bound to: 1'b0 
	Parameter IS_D7_INVERTED bound to: 1'b0 
	Parameter IS_D8_INVERTED bound to: 1'b0 
	Parameter IS_T1_INVERTED bound to: 1'b0 
	Parameter IS_T2_INVERTED bound to: 1'b0 
	Parameter IS_T3_INVERTED bound to: 1'b0 
	Parameter IS_T4_INVERTED bound to: 1'b0 
	Parameter SERDES_MODE bound to: SLAVE - type: string 
	Parameter SRVAL_OQ bound to: 1'b0 
	Parameter SRVAL_TQ bound to: 1'b0 
	Parameter TBYTE_CTL bound to: FALSE - type: string 
	Parameter TBYTE_SRC bound to: FALSE - type: string 
	Parameter TRISTATE_WIDTH bound to: 1 - type: integer 
INFO: [Synth 8-6155] done synthesizing module 'OSERDESE2__parameterized0' (13#1) [/media/disk2/Xilinx2/Vivado/2020.2/scripts/rt/data/unisim_comp.v:50398]
INFO: [Synth 8-6155] done synthesizing module 'serializer' (14#1) [/home/jstine/Downloads/hdmi_working/serializer.sv:1]
INFO: [Synth 8-6155] done synthesizing module 'hdmi' (15#1) [/home/jstine/Downloads/hdmi_working/hdmi.sv:4]
WARNING: [Synth 8-689] width (10) of port connection 'cx' does not match port width (11) of module 'hdmi' [/home/jstine/Downloads/hdmi_working/hdmi_top.sv:51]
INFO: [Synth 8-6157] synthesizing module 'console' [/home/jstine/Downloads/hdmi_working/console.sv:1]
	Parameter BIT_WIDTH bound to: 12 - type: integer 
	Parameter BIT_HEIGHT bound to: 11 - type: integer 
	Parameter FONT_WIDTH bound to: 8 - type: integer 
	Parameter FONT_HEIGHT bound to: 16 - type: integer 
INFO: [Synth 8-6157] synthesizing module 'glyphmap' [/home/jstine/Downloads/hdmi_working/glyphmap.sv:1]
INFO: [Synth 8-6155] done synthesizing module 'glyphmap' (16#1) [/home/jstine/Downloads/hdmi_working/glyphmap.sv:1]
INFO: [Synth 8-6157] synthesizing module 'attributemap' [/home/jstine/Downloads/hdmi_working/attributemap.sv:1]
INFO: [Synth 8-6155] done synthesizing module 'attributemap' (17#1) [/home/jstine/Downloads/hdmi_working/attributemap.sv:1]
INFO: [Synth 8-6155] done synthesizing module 'console' (18#1) [/home/jstine/Downloads/hdmi_working/console.sv:1]
INFO: [Synth 8-6155] done synthesizing module 'hdmi_top' (19#1) [/home/jstine/Downloads/hdmi_working/hdmi_top.sv:1]
INFO: [Synth 8-6157] synthesizing module 'segment_driver' [/home/jstine/Xilinx/dldfall22proj/Vivado/Project/Project.srcs/sources_1/imports/vivado/segment_driver.sv:23]
	Parameter DIGIT_ZERO bound to: 2'b00 
	Parameter DIGIT_ONE bound to: 2'b01 
	Parameter DIGIT_TWO bound to: 2'b10 
	Parameter DIGIT_THREE bound to: 2'b11 
INFO: [Synth 8-226] default block is never used [/home/jstine/Xilinx/dldfall22proj/Vivado/Project/Project.srcs/sources_1/imports/vivado/segment_driver.sv:63]
INFO: [Synth 8-6157] synthesizing module 'digit2segments' [/home/jstine/Xilinx/dldfall22proj/Vivado/Project/Project.srcs/sources_1/imports/vivado/digit2segments.sv:23]
INFO: [Synth 8-226] default block is never used [/home/jstine/Xilinx/dldfall22proj/Vivado/Project/Project.srcs/sources_1/imports/vivado/digit2segments.sv:30]
INFO: [Synth 8-6155] done synthesizing module 'digit2segments' (20#1) [/home/jstine/Xilinx/dldfall22proj/Vivado/Project/Project.srcs/sources_1/imports/vivado/digit2segments.sv:23]
INFO: [Synth 8-6155] done synthesizing module 'segment_driver' (21#1) [/home/jstine/Xilinx/dldfall22proj/Vivado/Project/Project.srcs/sources_1/imports/vivado/segment_driver.sv:23]
INFO: [Synth 8-6155] done synthesizing module 'top_demo' (22#1) [/home/jstine/Xilinx/dldfall22proj/Vivado/Project/Project.srcs/sources_1/new/top_demo.sv:23]
---------------------------------------------------------------------------------
Finished RTL Elaboration : Time (s): cpu = 00:00:04 ; elapsed = 00:00:04 . Memory (MB): peak = 2363.457 ; gain = 0.000 ; free physical = 24822 ; free virtual = 54348
---------------------------------------------------------------------------------
---------------------------------------------------------------------------------
Start Handling Custom Attributes
---------------------------------------------------------------------------------
---------------------------------------------------------------------------------
Finished Handling Custom Attributes : Time (s): cpu = 00:00:04 ; elapsed = 00:00:05 . Memory (MB): peak = 2379.316 ; gain = 15.859 ; free physical = 24825 ; free virtual = 54351
---------------------------------------------------------------------------------
---------------------------------------------------------------------------------
Finished RTL Optimization Phase 1 : Time (s): cpu = 00:00:04 ; elapsed = 00:00:05 . Memory (MB): peak = 2379.316 ; gain = 15.859 ; free physical = 24825 ; free virtual = 54351
---------------------------------------------------------------------------------
Netlist sorting complete. Time (s): cpu = 00:00:00.09 ; elapsed = 00:00:00.09 . Memory (MB): peak = 2385.254 ; gain = 0.000 ; free physical = 24815 ; free virtual = 54341
INFO: [Netlist 29-17] Analyzing 5 Unisim elements for replacement
INFO: [Netlist 29-28] Unisim Transformation completed in 0 CPU seconds
INFO: [Project 1-570] Preparing netlist for logic optimization

Processing XDC Constraints
Initializing timing engine
Parsing XDC File [/home/jstine/Xilinx/dldfall22proj/Vivado/Project/Project.srcs/constrs_1/new/constr.xdc]
WARNING: [Vivado 12-584] No ports matched 'hdmi_out_en'. [/home/jstine/Xilinx/dldfall22proj/Vivado/Project/Project.srcs/constrs_1/new/constr.xdc:79]
CRITICAL WARNING: [Common 17-55] 'set_property' expects at least one object. [/home/jstine/Xilinx/dldfall22proj/Vivado/Project/Project.srcs/constrs_1/new/constr.xdc:79]
Resolution: If [get_<value>] was used to populate the object, check to make sure this command returns at least one valid object.
WARNING: [Vivado 12-584] No ports matched 'hdmi_out_en'. [/home/jstine/Xilinx/dldfall22proj/Vivado/Project/Project.srcs/constrs_1/new/constr.xdc:102]
CRITICAL WARNING: [Common 17-55] 'set_property' expects at least one object. [/home/jstine/Xilinx/dldfall22proj/Vivado/Project/Project.srcs/constrs_1/new/constr.xdc:102]
Resolution: If [get_<value>] was used to populate the object, check to make sure this command returns at least one valid object.
Finished Parsing XDC File [/home/jstine/Xilinx/dldfall22proj/Vivado/Project/Project.srcs/constrs_1/new/constr.xdc]
INFO: [Project 1-236] Implementation specific constraints were found while reading constraint file [/home/jstine/Xilinx/dldfall22proj/Vivado/Project/Project.srcs/constrs_1/new/constr.xdc]. These constraints will be ignored for synthesis but will be used in implementation. Impacted constraints are listed in the file [.Xil/top_demo_propImpl.xdc].
Resolution: To avoid this warning, move constraints listed in [.Xil/top_demo_propImpl.xdc] to another XDC file and exclude this new file from synthesis with the used_in_synthesis property (File Properties dialog in GUI) and re-run elaboration/synthesis.
Completed Processing XDC Constraints

Netlist sorting complete. Time (s): cpu = 00:00:00 ; elapsed = 00:00:00 . Memory (MB): peak = 2563.973 ; gain = 0.000 ; free physical = 24692 ; free virtual = 54218
INFO: [Project 1-111] Unisim Transformation Summary:
No Unisim elements were transformed.

Constraint Validation Runtime : Time (s): cpu = 00:00:00 ; elapsed = 00:00:00.01 . Memory (MB): peak = 2563.973 ; gain = 0.000 ; free physical = 24692 ; free virtual = 54218
---------------------------------------------------------------------------------
Finished Constraint Validation : Time (s): cpu = 00:00:09 ; elapsed = 00:00:09 . Memory (MB): peak = 2563.973 ; gain = 200.516 ; free physical = 24795 ; free virtual = 54322
---------------------------------------------------------------------------------
---------------------------------------------------------------------------------
Start Loading Part and Timing Information
---------------------------------------------------------------------------------
Loading part: xc7z020clg484-1
---------------------------------------------------------------------------------
Finished Loading Part and Timing Information : Time (s): cpu = 00:00:09 ; elapsed = 00:00:09 . Memory (MB): peak = 2563.973 ; gain = 200.516 ; free physical = 24795 ; free virtual = 54322
---------------------------------------------------------------------------------
---------------------------------------------------------------------------------
Start Applying 'set_property' XDC Constraints
---------------------------------------------------------------------------------
---------------------------------------------------------------------------------
Finished applying 'set_property' XDC Constraints : Time (s): cpu = 00:00:09 ; elapsed = 00:00:10 . Memory (MB): peak = 2563.973 ; gain = 200.516 ; free physical = 24795 ; free virtual = 54322
---------------------------------------------------------------------------------
INFO: [Synth 8-802] inferred FSM for state register 'CURRENT_STATE_reg' in module 'segment_driver'
---------------------------------------------------------------------------------------------------
                   State |                     New Encoding |                Previous Encoding 
---------------------------------------------------------------------------------------------------
              DIGIT_ZERO |                               00 |                               00
               DIGIT_ONE |                               01 |                               01
               DIGIT_TWO |                               10 |                               10
             DIGIT_THREE |                               11 |                               11
---------------------------------------------------------------------------------------------------
INFO: [Synth 8-3354] encoded FSM with state register 'CURRENT_STATE_reg' using encoding 'sequential' in module 'segment_driver'
---------------------------------------------------------------------------------
Finished RTL Optimization Phase 2 : Time (s): cpu = 00:00:10 ; elapsed = 00:00:11 . Memory (MB): peak = 2563.973 ; gain = 200.516 ; free physical = 24743 ; free virtual = 54271
---------------------------------------------------------------------------------
---------------------------------------------------------------------------------
Start RTL Component Statistics 
---------------------------------------------------------------------------------
Detailed RTL Component Info : 
+---Adders : 
	   2 Input   17 Bit       Adders := 2     
	   2 Input   11 Bit       Adders := 2     
	   2 Input   10 Bit       Adders := 1     
	   2 Input    8 Bit       Adders := 11    
	   2 Input    6 Bit       Adders := 2     
	   2 Input    5 Bit       Adders := 8     
	   4 Input    5 Bit       Adders := 6     
	   3 Input    5 Bit       Adders := 6     
	   8 Input    4 Bit       Adders := 6     
	   2 Input    4 Bit       Adders := 1     
	   2 Input    3 Bit       Adders := 1     
	   2 Input    2 Bit       Adders := 1     
+---XORs : 
	   2 Input      8 Bit         XORs := 18    
	   2 Input      1 Bit         XORs := 45    
+---XORs : 
	               27 Bit    Wide XORs := 8     
+---Registers : 
	               24 Bit    Registers := 26    
	               17 Bit    Registers := 2     
	               16 Bit    Registers := 2     
	               12 Bit    Registers := 1     
	               11 Bit    Registers := 3     
	               10 Bit    Registers := 4     
	                8 Bit    Registers := 8     
	                6 Bit    Registers := 4     
	                5 Bit    Registers := 4     
	                4 Bit    Registers := 2     
	                3 Bit    Registers := 2     
	                2 Bit    Registers := 3     
	                1 Bit    Registers := 17    
+---Muxes : 
	   2 Input  125 Bit        Muxes := 2     
	   2 Input  117 Bit        Muxes := 1     
	   2 Input   86 Bit        Muxes := 1     
	   2 Input   24 Bit        Muxes := 30    
	   4 Input   24 Bit        Muxes := 2     
	   9 Input   24 Bit        Muxes := 1     
	   2 Input   17 Bit        Muxes := 1     
	   2 Input   16 Bit        Muxes := 2     
	   2 Input   11 Bit        Muxes := 2     
	   4 Input   10 Bit        Muxes := 4     
	   2 Input   10 Bit        Muxes := 9     
	   5 Input   10 Bit        Muxes := 1     
	  21 Input   10 Bit        Muxes := 2     
	   2 Input    9 Bit        Muxes := 3     
	   5 Input    8 Bit        Muxes := 2     
	   2 Input    8 Bit        Muxes := 17    
	   4 Input    8 Bit        Muxes := 1     
	   2 Input    6 Bit        Muxes := 1     
	   2 Input    5 Bit        Muxes := 9     
	   2 Input    4 Bit        Muxes := 1     
	   4 Input    4 Bit        Muxes := 1     
	   2 Input    3 Bit        Muxes := 5     
	   5 Input    3 Bit        Muxes := 1     
	   2 Input    2 Bit        Muxes := 1     
	   4 Input    2 Bit        Muxes := 1     
	   2 Input    1 Bit        Muxes := 9     
	   5 Input    1 Bit        Muxes := 1     
	   6 Input    1 Bit        Muxes := 2     
---------------------------------------------------------------------------------
Finished RTL Component Statistics 
---------------------------------------------------------------------------------
---------------------------------------------------------------------------------
Start Part Resource Summary
---------------------------------------------------------------------------------
Part Resources:
DSPs: 220 (col length:60)
BRAMs: 280 (col length: RAMB18 60 RAMB36 30)
---------------------------------------------------------------------------------
Finished Part Resource Summary
---------------------------------------------------------------------------------
---------------------------------------------------------------------------------
Start Cross Boundary and Area Optimization
---------------------------------------------------------------------------------
---------------------------------------------------------------------------------
Finished Cross Boundary and Area Optimization : Time (s): cpu = 00:00:29 ; elapsed = 00:00:30 . Memory (MB): peak = 2563.973 ; gain = 200.516 ; free physical = 24731 ; free virtual = 54275
---------------------------------------------------------------------------------
---------------------------------------------------------------------------------
Start Applying XDC Timing Constraints
---------------------------------------------------------------------------------
---------------------------------------------------------------------------------
Finished Applying XDC Timing Constraints : Time (s): cpu = 00:00:32 ; elapsed = 00:00:34 . Memory (MB): peak = 2563.973 ; gain = 200.516 ; free physical = 24614 ; free virtual = 54158
---------------------------------------------------------------------------------
---------------------------------------------------------------------------------
Start Timing Optimization
---------------------------------------------------------------------------------
---------------------------------------------------------------------------------
Finished Timing Optimization : Time (s): cpu = 00:00:32 ; elapsed = 00:00:34 . Memory (MB): peak = 2563.973 ; gain = 200.516 ; free physical = 24613 ; free virtual = 54157
---------------------------------------------------------------------------------
---------------------------------------------------------------------------------
Start Technology Mapping
---------------------------------------------------------------------------------
---------------------------------------------------------------------------------
Finished Technology Mapping : Time (s): cpu = 00:00:33 ; elapsed = 00:00:34 . Memory (MB): peak = 2563.973 ; gain = 200.516 ; free physical = 24611 ; free virtual = 54155
---------------------------------------------------------------------------------
---------------------------------------------------------------------------------
Start IO Insertion
---------------------------------------------------------------------------------
---------------------------------------------------------------------------------
Start Flattening Before IO Insertion
---------------------------------------------------------------------------------
---------------------------------------------------------------------------------
Finished Flattening Before IO Insertion
---------------------------------------------------------------------------------
---------------------------------------------------------------------------------
Start Final Netlist Cleanup
---------------------------------------------------------------------------------
---------------------------------------------------------------------------------
Finished Final Netlist Cleanup
---------------------------------------------------------------------------------
---------------------------------------------------------------------------------
Finished IO Insertion : Time (s): cpu = 00:00:34 ; elapsed = 00:00:36 . Memory (MB): peak = 2563.973 ; gain = 200.516 ; free physical = 24612 ; free virtual = 54156
---------------------------------------------------------------------------------
---------------------------------------------------------------------------------
Start Renaming Generated Instances
---------------------------------------------------------------------------------
---------------------------------------------------------------------------------
Finished Renaming Generated Instances : Time (s): cpu = 00:00:34 ; elapsed = 00:00:36 . Memory (MB): peak = 2563.973 ; gain = 200.516 ; free physical = 24612 ; free virtual = 54156
---------------------------------------------------------------------------------
---------------------------------------------------------------------------------
Start Rebuilding User Hierarchy
---------------------------------------------------------------------------------
---------------------------------------------------------------------------------
Finished Rebuilding User Hierarchy : Time (s): cpu = 00:00:34 ; elapsed = 00:00:36 . Memory (MB): peak = 2563.973 ; gain = 200.516 ; free physical = 24612 ; free virtual = 54156
---------------------------------------------------------------------------------
---------------------------------------------------------------------------------
Start Renaming Generated Ports
---------------------------------------------------------------------------------
---------------------------------------------------------------------------------
Finished Renaming Generated Ports : Time (s): cpu = 00:00:34 ; elapsed = 00:00:36 . Memory (MB): peak = 2563.973 ; gain = 200.516 ; free physical = 24612 ; free virtual = 54156
---------------------------------------------------------------------------------
---------------------------------------------------------------------------------
Start Handling Custom Attributes
---------------------------------------------------------------------------------
---------------------------------------------------------------------------------
Finished Handling Custom Attributes : Time (s): cpu = 00:00:34 ; elapsed = 00:00:36 . Memory (MB): peak = 2563.973 ; gain = 200.516 ; free physical = 24612 ; free virtual = 54156
---------------------------------------------------------------------------------
---------------------------------------------------------------------------------
Start Renaming Generated Nets
---------------------------------------------------------------------------------
---------------------------------------------------------------------------------
Finished Renaming Generated Nets : Time (s): cpu = 00:00:34 ; elapsed = 00:00:36 . Memory (MB): peak = 2563.973 ; gain = 200.516 ; free physical = 24612 ; free virtual = 54156
---------------------------------------------------------------------------------
---------------------------------------------------------------------------------
Start Writing Synthesis Report
---------------------------------------------------------------------------------

Report BlackBoxes: 
+-+--------------+----------+
| |BlackBox name |Instances |
+-+--------------+----------+
+-+--------------+----------+

Report Cell Usage: 
+------+-----------+------+
|      |Cell       |Count |
+------+-----------+------+
|1     |BUFG       |     4|
|2     |CARRY4     |    14|
|3     |LUT1       |    15|
|4     |LUT2       |    38|
|5     |LUT3       |    70|
|6     |LUT4       |    58|
|7     |LUT5       |   114|
|8     |LUT6       |   595|
|9     |MMCME2_ADV |     1|
|10    |MUXF7      |   133|
|11    |MUXF8      |    61|
|12    |OSERDESE2  |     8|
|14    |FDRE       |   277|
|15    |FDSE       |    12|
|16    |IBUF       |    13|
|17    |OBUF       |    12|
|18    |OBUFDS     |     4|
|19    |OBUFT      |     8|
+------+-----------+------+
---------------------------------------------------------------------------------
Finished Writing Synthesis Report : Time (s): cpu = 00:00:34 ; elapsed = 00:00:36 . Memory (MB): peak = 2563.973 ; gain = 200.516 ; free physical = 24612 ; free virtual = 54156
---------------------------------------------------------------------------------
Synthesis finished with 0 errors, 0 critical warnings and 0 warnings.
Synthesis Optimization Runtime : Time (s): cpu = 00:00:32 ; elapsed = 00:00:34 . Memory (MB): peak = 2563.973 ; gain = 15.859 ; free physical = 24672 ; free virtual = 54216
Synthesis Optimization Complete : Time (s): cpu = 00:00:34 ; elapsed = 00:00:36 . Memory (MB): peak = 2563.973 ; gain = 200.516 ; free physical = 24672 ; free virtual = 54216
INFO: [Project 1-571] Translating synthesized netlist
Netlist sorting complete. Time (s): cpu = 00:00:00.01 ; elapsed = 00:00:00 . Memory (MB): peak = 2563.973 ; gain = 0.000 ; free physical = 24752 ; free virtual = 54296
INFO: [Netlist 29-17] Analyzing 213 Unisim elements for replacement
INFO: [Netlist 29-28] Unisim Transformation completed in 0 CPU seconds
INFO: [Project 1-570] Preparing netlist for logic optimization
INFO: [Opt 31-138] Pushed 0 inverter(s) to 0 load pin(s).
Netlist sorting complete. Time (s): cpu = 00:00:00 ; elapsed = 00:00:00 . Memory (MB): peak = 2563.973 ; gain = 0.000 ; free physical = 24698 ; free virtual = 54242
INFO: [Project 1-111] Unisim Transformation Summary:
No Unisim elements were transformed.

INFO: [Common 17-83] Releasing license: Synthesis
80 Infos, 3 Warnings, 2 Critical Warnings and 0 Errors encountered.
synth_design completed successfully
synth_design: Time (s): cpu = 00:00:41 ; elapsed = 00:00:39 . Memory (MB): peak = 2563.973 ; gain = 200.516 ; free physical = 24833 ; free virtual = 54377
INFO: [runtcl-6] Synthesis results are not added to the cache due to CRITICAL_WARNING
INFO: [Common 17-1381] The checkpoint '/home/jstine/Xilinx/dldfall22proj/Vivado/Project/Project.runs/synth_1/top_demo.dcp' has been generated.
INFO: [runtcl-4] Executing : report_utilization -file top_demo_utilization_synth.rpt -pb top_demo_utilization_synth.pb
INFO: [Common 17-206] Exiting Vivado at Sun Nov  6 12:29:33 2022...
